🦅 **Falcon 模拟盘日报**
📅 2026-06-27T21:52
💰 账户: $98,433 (现金$98,433)

🟢 **买入 (5只)**
  🎯 **APP** 39股 × $477.08
     理由: [SPX] 财务健康度高(72%)，分析师看好(77%)
     评分: 0.7221 | 财务72% 分析师77%
  🎯 **PLTR** 165股 × $112.93
     理由: [SPX] 分析师看好(83%)
     评分: 0.7157 | 财务69% 分析师83%
  🎯 **NVDA** 97股 × $192.53
     理由: [SPX] 分析师看好(79%)，盈利能力强(72%)
     评分: 0.7140 | 财务69% 分析师79%
  🎯 **AVGO** 51股 × $365.02
     理由: [SPX] 财务健康度高(74%)
     评分: 0.7136 | 财务74% 分析师64%
  🎯 **TXN** 65股 × $285.43
     理由: [SPX] 财务健康度高(72%)，盈利能力强(71%)
     评分: 0.7090 | 财务72% 分析师66%

📁 信号: falcon_v031_scored_20260626.json
⚙️ 规则: 持有30天 | 止损-15% | Top5
